<?xml version="1.0" encoding="UTF-8"?>
<testng-results ignored="0" total="1" passed="1" failed="0" skipped="0">
  <reporter-output>
  </reporter-output>
  <suite started-at="2023-07-05T12:40:34 CDT" name="Default suite" finished-at="2023-07-05T12:40:57 CDT" duration-ms="22485">
    <groups>
    </groups>
    <test started-at="2023-07-05T12:40:34 CDT" name="Default test" finished-at="2023-07-05T12:40:57 CDT" duration-ms="22485">
      <class name="Itsutra.MavenGITIntergration.NewTest">
        <test-method is-config="true" signature="beforeTest()[pri:0, instance:Itsutra.MavenGITIntergration.NewTest@3c77d488]" started-at="2023-07-05T12:40:34 CDT" name="beforeTest" finished-at="2023-07-05T12:40:37 CDT" duration-ms="3096" status="PASS">
          <reporter-output>
          </reporter-output>
        </test-method> <!-- beforeTest -->
        <test-method signature="myTest()[pri:0, instance:Itsutra.MavenGITIntergration.NewTest@3c77d488]" started-at="2023-07-05T12:40:37 CDT" name="myTest" finished-at="2023-07-05T12:40:57 CDT" duration-ms="19250" status="PASS">
          <reporter-output>
          </reporter-output>
        </test-method> <!-- myTest -->
        <test-method is-config="true" signature="afterTest()[pri:0, instance:Itsutra.MavenGITIntergration.NewTest@3c77d488]" started-at="2023-07-05T12:40:57 CDT" name="afterTest" finished-at="2023-07-05T12:40:57 CDT" duration-ms="103" status="PASS">
          <reporter-output>
          </reporter-output>
        </test-method> <!-- afterTest -->
      </class> <!-- Itsutra.MavenGITIntergration.NewTest -->
    </test> <!-- Default test -->
  </suite> <!-- Default suite -->
</testng-results>
